d:\projects\vs\realplay\realplay\x64\debug\realplay.pch
d:\projects\vs\realplay\realplay\x64\debug\stdafx.obj
d:\projects\vs\realplay\realplay\x64\debug\vc110.pdb
d:\projects\vs\realplay\realplay\x64\debug\camera.obj
d:\projects\vs\realplay\realplay\x64\debug\dlgptzcruise.obj
d:\projects\vs\realplay\realplay\x64\debug\ptzbutton.obj
d:\projects\vs\realplay\realplay\x64\debug\realplay.obj
d:\projects\vs\realplay\realplay\x64\debug\realplaydlg.obj
d:\projects\vs\realplay\realplay\x64\debug\cvvimage.obj
d:\projects\vs\realplay\x64\debug\realplay.ilk
d:\projects\vs\realplay\x64\debug\realplay.exe
d:\projects\vs\realplay\x64\debug\realplay.pdb
d:\projects\vs\realplay\realplay\x64\debug\realplay.res
e:\icme2019\realplay\realplay\x64\debug\realplay.pch
e:\icme2019\realplay\realplay\x64\debug\vc120.pdb
e:\icme2019\realplay\realplay\x64\debug\vc120.idb
e:\icme2019\realplay\realplay\x64\debug\stdafx.obj
e:\icme2019\realplay\realplay\x64\debug\camera.obj
e:\icme2019\realplay\realplay\x64\debug\cvvimage.obj
e:\icme2019\realplay\realplay\x64\debug\dlgptzcruise.obj
e:\icme2019\realplay\realplay\x64\debug\posecalculator.obj
e:\icme2019\realplay\realplay\x64\debug\ptzbutton.obj
e:\icme2019\realplay\realplay\x64\debug\realplay.obj
e:\icme2019\realplay\realplay\x64\debug\realplaydlg.obj
e:\icme2019\realplay\realplay\x64\debug\5point.obj
e:\icme2019\realplay\realplay\x64\debug\rpoly.obj
e:\icme2019\realplay\realplay\x64\debug\fhog.obj
e:\icme2019\realplay\realplay\x64\debug\kcftracker.obj
e:\icme2019\realplay\x64\debug\realplay.ilk
e:\icme2019\realplay\x64\debug\realplay.exe
e:\icme2019\realplay\x64\debug\realplay.pdb
e:\icme2019\realplay\realplay\x64\debug\realplay.res
e:\icme2019\realplay\realplay\x64\debug\cl.command.1.tlog
e:\icme2019\realplay\realplay\x64\debug\cl.read.1.tlog
e:\icme2019\realplay\realplay\x64\debug\cl.write.1.tlog
e:\icme2019\realplay\realplay\x64\debug\link-cvtres.read.1.tlog
e:\icme2019\realplay\realplay\x64\debug\link-cvtres.write.1.tlog
e:\icme2019\realplay\realplay\x64\debug\link-mt.read.1.tlog
e:\icme2019\realplay\realplay\x64\debug\link-mt.write.1.tlog
e:\icme2019\realplay\realplay\x64\debug\link-rc.read.1.tlog
e:\icme2019\realplay\realplay\x64\debug\link-rc.write.1.tlog
e:\icme2019\realplay\realplay\x64\debug\link.4024-cvtres.read.1.tlog
e:\icme2019\realplay\realplay\x64\debug\link.4024-cvtres.write.1.tlog
e:\icme2019\realplay\realplay\x64\debug\link.4024-mt.read.1.tlog
e:\icme2019\realplay\realplay\x64\debug\link.4024-mt.write.1.tlog
e:\icme2019\realplay\realplay\x64\debug\link.4024-rc.read.1.tlog
e:\icme2019\realplay\realplay\x64\debug\link.4024-rc.write.1.tlog
e:\icme2019\realplay\realplay\x64\debug\link.4024.read.1.tlog
e:\icme2019\realplay\realplay\x64\debug\link.4024.write.1.tlog
e:\icme2019\realplay\realplay\x64\debug\link.4816-cvtres.read.1.tlog
e:\icme2019\realplay\realplay\x64\debug\link.4816-cvtres.write.1.tlog
e:\icme2019\realplay\realplay\x64\debug\link.4816-mt.read.1.tlog
e:\icme2019\realplay\realplay\x64\debug\link.4816-mt.write.1.tlog
e:\icme2019\realplay\realplay\x64\debug\link.4816-rc.read.1.tlog
e:\icme2019\realplay\realplay\x64\debug\link.4816-rc.write.1.tlog
e:\icme2019\realplay\realplay\x64\debug\link.4816.read.1.tlog
e:\icme2019\realplay\realplay\x64\debug\link.4816.write.1.tlog
e:\icme2019\realplay\realplay\x64\debug\link.9564-cvtres.read.1.tlog
e:\icme2019\realplay\realplay\x64\debug\link.9564-cvtres.write.1.tlog
e:\icme2019\realplay\realplay\x64\debug\link.9564-mt.read.1.tlog
e:\icme2019\realplay\realplay\x64\debug\link.9564-mt.write.1.tlog
e:\icme2019\realplay\realplay\x64\debug\link.9564-rc.read.1.tlog
e:\icme2019\realplay\realplay\x64\debug\link.9564-rc.write.1.tlog
e:\icme2019\realplay\realplay\x64\debug\link.9564.read.1.tlog
e:\icme2019\realplay\realplay\x64\debug\link.9564.write.1.tlog
e:\icme2019\realplay\realplay\x64\debug\link.command.1.tlog
e:\icme2019\realplay\realplay\x64\debug\link.read.1.tlog
e:\icme2019\realplay\realplay\x64\debug\link.write.1.tlog
e:\icme2019\realplay\realplay\x64\debug\rc.command.1.tlog
e:\icme2019\realplay\realplay\x64\debug\rc.read.1.tlog
e:\icme2019\realplay\realplay\x64\debug\rc.write.1.tlog
e:\icme2019\realplay\realplay\x64\debug\vc110.idb
e:\icme2019\realplay\realplay\x64\debug\vc110.pdb
e:\icme2019\realplay\realplay\x64\debug\realplay.tlog\cl.command.1.tlog
e:\icme2019\realplay\realplay\x64\debug\realplay.tlog\cl.read.1.tlog
e:\icme2019\realplay\realplay\x64\debug\realplay.tlog\cl.write.1.tlog
e:\icme2019\realplay\realplay\x64\debug\realplay.tlog\link.command.1.tlog
e:\icme2019\realplay\realplay\x64\debug\realplay.tlog\link.read.1.tlog
e:\icme2019\realplay\realplay\x64\debug\realplay.tlog\link.write.1.tlog
e:\icme2019\realplay\realplay\x64\debug\realplay.tlog\rc.command.1.tlog
e:\icme2019\realplay\realplay\x64\debug\realplay.tlog\rc.read.1.tlog
e:\icme2019\realplay\realplay\x64\debug\realplay.tlog\rc.write.1.tlog
