生成启动时间为 2018/11/28 14:34:38。
     1>项目“E:\icme2019\RealPlay\RealPlay\RealPlay.vcxproj”在节点 2 上(Build 个目标)。
     1>ClCompile:
         D:\Microsoft Visual Studio 12.0\VC\bin\x86_amd64\CL.exe /c /ID:\Downloads\opencv\build\include /ID:\Downloads\opencv\build\include\opencv2 /ID:\Downloads\opencv\build\include\opencv /Zi /nologo /W3 /WX- /sdl /Od /D WIN32 /D _WINDOWS /D _DEBUG /D _CRT_SECURE_NO_DEPRECATE /D _SCL_SECURE_NO_DEPRECATE /D _MBCS /D _AFXDLL /Gm /EHsc /RTC1 /MDd /GS /fp:precise /Zc:wchar_t /Zc:forScope /Fo"x64\Debug\\" /Fd"x64\Debug\vc120.pdb" /Gd /TP /errorReport:prompt Camera.cpp CvvImage.cpp DlgPTZCruise.cpp kcf\fhog.cpp kcf\kcftracker.cpp PTZButton.cpp RealPlay.cpp RealPlayDlg.cpp
         RealPlayDlg.cpp
     1>D:\Microsoft Visual Studio 12.0\VC\atlmfc\include\afx.h(38): warning C4996: 'MBCS_Support_Deprecated_In_MFC': MBCS support in MFC is deprecated and may be removed in a future version of MFC.
                 D:\Microsoft Visual Studio 12.0\VC\atlmfc\include\afx.h(33) : 参见“MBCS_Support_Deprecated_In_MFC”的声明
         _WIN32_WINNT not defined. Defaulting to _WIN32_WINNT_MAXVER (see WinSDKVer.h)
     1>e:\icme2019\realplay\realplay\CnComm.h(557): warning C4267: “参数”: 从“size_t”转换到“DWORD”，可能丢失数据
     1>e:\icme2019\realplay\realplay\CnComm.h(564): warning C4267: “参数”: 从“size_t”转换到“DWORD”，可能丢失数据
     1>e:\icme2019\realplay\realplay\CnComm.h(1172): warning C4267: “参数”: 从“size_t”转换到“DWORD”，可能丢失数据
     1>e:\icme2019\realplay\realplay\CnComm.h(1177): warning C4267: “参数”: 从“size_t”转换到“DWORD”，可能丢失数据
     1>e:\icme2019\realplay\realplay\CnComm.h(1210): warning C4267: “参数”: 从“size_t”转换到“DWORD”，可能丢失数据
     1>e:\icme2019\realplay\realplay\CnComm.h(1216): warning C4267: “参数”: 从“size_t”转换到“DWORD”，可能丢失数据
     1>e:\icme2019\realplay\realplay\CnComm.h(1480): warning C4267: “=”: 从“size_t”转换到“DWORD”，可能丢失数据
     1>e:\icme2019\realplay\realplay\CnComm.h(1482): warning C4267: “=”: 从“size_t”转换到“DWORD”，可能丢失数据
     1>D:\Downloads\opencv\build\include\opencv2/core/mat.hpp(1965): warning C4819: 该文件包含不能在当前代码页(936)中表示的字符。请将该文件保存为 Unicode 格式以防止数据丢失
     1>D:\Downloads\opencv\build\include\opencv2/core/persistence.hpp : warning C4819: 该文件包含不能在当前代码页(936)中表示的字符。请将该文件保存为 Unicode 格式以防止数据丢失
     1>D:\Downloads\opencv\build\include\opencv2/core/utility.hpp : warning C4819: 该文件包含不能在当前代码页(936)中表示的字符。请将该文件保存为 Unicode 格式以防止数据丢失
     1>RealPlayDlg.cpp(477): warning C4244: “初始化”: 从“DWORD_PTR”转换到“DWORD”，可能丢失数据
     1>RealPlayDlg.cpp(599): warning C4244: “初始化”: 从“DWORD_PTR”转换到“DWORD”，可能丢失数据
     1>RealPlayDlg.cpp(759): warning C4010: 单行注释包含行继续符
     1>RealPlayDlg.cpp(1491): warning C4800: “BOOL”: 将值强制为布尔值“true”或“false”(性能警告)
     1>RealPlayDlg.cpp(1533): warning C4244: “参数”: 从“double”转换到“int”，可能丢失数据
     1>RealPlayDlg.cpp(1538): warning C4244: “参数”: 从“const double”转换到“int”，可能丢失数据
         PTZButton.cpp
     1>D:\Microsoft Visual Studio 12.0\VC\atlmfc\include\afx.h(38): warning C4996: 'MBCS_Support_Deprecated_In_MFC': MBCS support in MFC is deprecated and may be removed in a future version of MFC.
                 D:\Microsoft Visual Studio 12.0\VC\atlmfc\include\afx.h(33) : 参见“MBCS_Support_Deprecated_In_MFC”的声明
         _WIN32_WINNT not defined. Defaulting to _WIN32_WINNT_MAXVER (see WinSDKVer.h)
     1>e:\icme2019\realplay\realplay\CnComm.h(557): warning C4267: “参数”: 从“size_t”转换到“DWORD”，可能丢失数据
     1>e:\icme2019\realplay\realplay\CnComm.h(564): warning C4267: “参数”: 从“size_t”转换到“DWORD”，可能丢失数据
     1>e:\icme2019\realplay\realplay\CnComm.h(1172): warning C4267: “参数”: 从“size_t”转换到“DWORD”，可能丢失数据
     1>e:\icme2019\realplay\realplay\CnComm.h(1177): warning C4267: “参数”: 从“size_t”转换到“DWORD”，可能丢失数据
     1>e:\icme2019\realplay\realplay\CnComm.h(1210): warning C4267: “参数”: 从“size_t”转换到“DWORD”，可能丢失数据
     1>e:\icme2019\realplay\realplay\CnComm.h(1216): warning C4267: “参数”: 从“size_t”转换到“DWORD”，可能丢失数据
     1>e:\icme2019\realplay\realplay\CnComm.h(1480): warning C4267: “=”: 从“size_t”转换到“DWORD”，可能丢失数据
     1>e:\icme2019\realplay\realplay\CnComm.h(1482): warning C4267: “=”: 从“size_t”转换到“DWORD”，可能丢失数据
     1>D:\Downloads\opencv\build\include\opencv2/core/mat.hpp(1965): warning C4819: 该文件包含不能在当前代码页(936)中表示的字符。请将该文件保存为 Unicode 格式以防止数据丢失
     1>D:\Downloads\opencv\build\include\opencv2/core/persistence.hpp : warning C4819: 该文件包含不能在当前代码页(936)中表示的字符。请将该文件保存为 Unicode 格式以防止数据丢失
     1>D:\Downloads\opencv\build\include\opencv2/core/utility.hpp : warning C4819: 该文件包含不能在当前代码页(936)中表示的字符。请将该文件保存为 Unicode 格式以防止数据丢失
         kcftracker.cpp
     1>D:\Downloads\opencv\build\include\opencv2/core/mat.hpp(1965): warning C4819: 该文件包含不能在当前代码页(936)中表示的字符。请将该文件保存为 Unicode 格式以防止数据丢失
     1>D:\Downloads\opencv\build\include\opencv2/core/persistence.hpp : warning C4819: 该文件包含不能在当前代码页(936)中表示的字符。请将该文件保存为 Unicode 格式以防止数据丢失
     1>D:\Downloads\opencv\build\include\opencv2/core/utility.hpp : warning C4819: 该文件包含不能在当前代码页(936)中表示的字符。请将该文件保存为 Unicode 格式以防止数据丢失
     1>e:\icme2019\realplay\realplay\kcf\labdata.h(19): warning C4305: “初始化”: 从“double”到“float”截断
     1>kcf\kcftracker.cpp(96): warning C4305: “=”: 从“double”到“float”截断
     1>kcf\kcftracker.cpp(104): warning C4305: “=”: 从“double”到“float”截断
     1>kcf\kcftracker.cpp(105): warning C4305: “=”: 从“double”到“float”截断
     1>kcf\kcftracker.cpp(113): warning C4305: “=”: 从“double”到“float”截断
     1>kcf\kcftracker.cpp(114): warning C4305: “=”: 从“double”到“float”截断
     1>kcf\kcftracker.cpp(116): warning C4305: “=”: 从“double”到“float”截断
     1>kcf\kcftracker.cpp(127): warning C4305: “=”: 从“double”到“float”截断
     1>kcf\kcftracker.cpp(128): warning C4305: “=”: 从“double”到“float”截断
     1>kcf\kcftracker.cpp(142): warning C4305: “=”: 从“double”到“float”截断
     1>kcf\kcftracker.cpp(143): warning C4305: “=”: 从“double”到“float”截断
     1>kcf\kcftracker.cpp(177): warning C4244: “=”: 从“int”转换到“float”，可能丢失数据
     1>kcf\kcftracker.cpp(178): warning C4244: “=”: 从“int”转换到“float”，可能丢失数据
     1>kcf\kcftracker.cpp(216): warning C4244: “=”: 从“int”转换到“float”，可能丢失数据
     1>kcf\kcftracker.cpp(217): warning C4244: “=”: 从“int”转换到“float”，可能丢失数据
     1>kcf\kcftracker.cpp(329): warning C4244: “初始化”: 从“double”转换到“float”，可能丢失数据
     1>kcf\kcftracker.cpp(350): warning C4244: “初始化”: 从“float”转换到“int”，可能丢失数据
     1>kcf\kcftracker.cpp(351): warning C4244: “初始化”: 从“float”转换到“int”，可能丢失数据
     1>kcf\kcftracker.cpp(359): warning C4244: “=”: 从“float”转换到“int”，可能丢失数据
     1>kcf\kcftracker.cpp(360): warning C4244: “=”: 从“float”转换到“int”，可能丢失数据
     1>kcf\kcftracker.cpp(390): warning C4244: “=”: 从“float”转换到“int”，可能丢失数据
     1>kcf\kcftracker.cpp(391): warning C4244: “=”: 从“float”转换到“int”，可能丢失数据
     1>kcf\kcftracker.cpp(394): warning C4244: “=”: 从“float”转换到“int”，可能丢失数据
     1>kcf\kcftracker.cpp(395): warning C4244: “=”: 从“float”转换到“int”，可能丢失数据
     1>kcf\kcftracker.cpp(454): warning C4244: “+=”: 从“double”转换到“float”，可能丢失数据
     1>kcf\kcftracker.cpp(488): warning C4244: “=”: 从“double”转换到“float”，可能丢失数据
     1>kcf\kcftracker.cpp(490): warning C4244: “=”: 从“double”转换到“float”，可能丢失数据
     1>kcf\kcftracker.cpp(518): warning C4244: “return”: 从“double”转换到“float”，可能丢失数据
         fhog.cpp
     1>D:\Downloads\opencv\build\include\opencv2/core/mat.hpp(1965): warning C4819: 该文件包含不能在当前代码页(936)中表示的字符。请将该文件保存为 Unicode 格式以防止数据丢失
     1>D:\Downloads\opencv\build\include\opencv2/core/persistence.hpp : warning C4819: 该文件包含不能在当前代码页(936)中表示的字符。请将该文件保存为 Unicode 格式以防止数据丢失
     1>D:\Downloads\opencv\build\include\opencv2/core/utility.hpp : warning C4819: 该文件包含不能在当前代码页(936)中表示的字符。请将该文件保存为 Unicode 格式以防止数据丢失
         CvvImage.cpp
     1>D:\Microsoft Visual Studio 12.0\VC\atlmfc\include\afx.h(38): warning C4996: 'MBCS_Support_Deprecated_In_MFC': MBCS support in MFC is deprecated and may be removed in a future version of MFC.
                 D:\Microsoft Visual Studio 12.0\VC\atlmfc\include\afx.h(33) : 参见“MBCS_Support_Deprecated_In_MFC”的声明
         _WIN32_WINNT not defined. Defaulting to _WIN32_WINNT_MAXVER (see WinSDKVer.h)
     1>D:\Downloads\opencv\build\include\opencv2/core/mat.hpp(1965): warning C4819: 该文件包含不能在当前代码页(936)中表示的字符。请将该文件保存为 Unicode 格式以防止数据丢失
     1>D:\Downloads\opencv\build\include\opencv2/core/persistence.hpp : warning C4819: 该文件包含不能在当前代码页(936)中表示的字符。请将该文件保存为 Unicode 格式以防止数据丢失
     1>D:\Downloads\opencv\build\include\opencv2/core/utility.hpp : warning C4819: 该文件包含不能在当前代码页(936)中表示的字符。请将该文件保存为 Unicode 格式以防止数据丢失
         Camera.cpp
     1>D:\Microsoft Visual Studio 12.0\VC\atlmfc\include\afx.h(38): warning C4996: 'MBCS_Support_Deprecated_In_MFC': MBCS support in MFC is deprecated and may be removed in a future version of MFC.
                 D:\Microsoft Visual Studio 12.0\VC\atlmfc\include\afx.h(33) : 参见“MBCS_Support_Deprecated_In_MFC”的声明
         _WIN32_WINNT not defined. Defaulting to _WIN32_WINNT_MAXVER (see WinSDKVer.h)
     1>e:\icme2019\realplay\realplay\CnComm.h(557): warning C4267: “参数”: 从“size_t”转换到“DWORD”，可能丢失数据
     1>e:\icme2019\realplay\realplay\CnComm.h(564): warning C4267: “参数”: 从“size_t”转换到“DWORD”，可能丢失数据
     1>e:\icme2019\realplay\realplay\CnComm.h(1172): warning C4267: “参数”: 从“size_t”转换到“DWORD”，可能丢失数据
     1>e:\icme2019\realplay\realplay\CnComm.h(1177): warning C4267: “参数”: 从“size_t”转换到“DWORD”，可能丢失数据
     1>e:\icme2019\realplay\realplay\CnComm.h(1210): warning C4267: “参数”: 从“size_t”转换到“DWORD”，可能丢失数据
     1>e:\icme2019\realplay\realplay\CnComm.h(1216): warning C4267: “参数”: 从“size_t”转换到“DWORD”，可能丢失数据
     1>e:\icme2019\realplay\realplay\CnComm.h(1480): warning C4267: “=”: 从“size_t”转换到“DWORD”，可能丢失数据
     1>e:\icme2019\realplay\realplay\CnComm.h(1482): warning C4267: “=”: 从“size_t”转换到“DWORD”，可能丢失数据
     1>D:\Downloads\opencv\build\include\opencv2/core/mat.hpp(1965): warning C4819: 该文件包含不能在当前代码页(936)中表示的字符。请将该文件保存为 Unicode 格式以防止数据丢失
     1>D:\Downloads\opencv\build\include\opencv2/core/persistence.hpp : warning C4819: 该文件包含不能在当前代码页(936)中表示的字符。请将该文件保存为 Unicode 格式以防止数据丢失
     1>D:\Downloads\opencv\build\include\opencv2/core/utility.hpp : warning C4819: 该文件包含不能在当前代码页(936)中表示的字符。请将该文件保存为 Unicode 格式以防止数据丢失
         正在生成代码...
         正在编译...
         RealPlay.cpp
     1>D:\Microsoft Visual Studio 12.0\VC\atlmfc\include\afx.h(38): warning C4996: 'MBCS_Support_Deprecated_In_MFC': MBCS support in MFC is deprecated and may be removed in a future version of MFC.
                 D:\Microsoft Visual Studio 12.0\VC\atlmfc\include\afx.h(33) : 参见“MBCS_Support_Deprecated_In_MFC”的声明
         _WIN32_WINNT not defined. Defaulting to _WIN32_WINNT_MAXVER (see WinSDKVer.h)
     1>e:\icme2019\realplay\realplay\CnComm.h(557): warning C4267: “参数”: 从“size_t”转换到“DWORD”，可能丢失数据
     1>e:\icme2019\realplay\realplay\CnComm.h(564): warning C4267: “参数”: 从“size_t”转换到“DWORD”，可能丢失数据
     1>e:\icme2019\realplay\realplay\CnComm.h(1172): warning C4267: “参数”: 从“size_t”转换到“DWORD”，可能丢失数据
     1>e:\icme2019\realplay\realplay\CnComm.h(1177): warning C4267: “参数”: 从“size_t”转换到“DWORD”，可能丢失数据
     1>e:\icme2019\realplay\realplay\CnComm.h(1210): warning C4267: “参数”: 从“size_t”转换到“DWORD”，可能丢失数据
     1>e:\icme2019\realplay\realplay\CnComm.h(1216): warning C4267: “参数”: 从“size_t”转换到“DWORD”，可能丢失数据
     1>e:\icme2019\realplay\realplay\CnComm.h(1480): warning C4267: “=”: 从“size_t”转换到“DWORD”，可能丢失数据
     1>e:\icme2019\realplay\realplay\CnComm.h(1482): warning C4267: “=”: 从“size_t”转换到“DWORD”，可能丢失数据
     1>D:\Downloads\opencv\build\include\opencv2/core/mat.hpp(1965): warning C4819: 该文件包含不能在当前代码页(936)中表示的字符。请将该文件保存为 Unicode 格式以防止数据丢失
     1>D:\Downloads\opencv\build\include\opencv2/core/persistence.hpp : warning C4819: 该文件包含不能在当前代码页(936)中表示的字符。请将该文件保存为 Unicode 格式以防止数据丢失
     1>D:\Downloads\opencv\build\include\opencv2/core/utility.hpp : warning C4819: 该文件包含不能在当前代码页(936)中表示的字符。请将该文件保存为 Unicode 格式以防止数据丢失
     1>RealPlay.cpp(66): warning C4244: “初始化”: 从“INT_PTR”转换到“int”，可能丢失数据
         DlgPTZCruise.cpp
     1>D:\Microsoft Visual Studio 12.0\VC\atlmfc\include\afx.h(38): warning C4996: 'MBCS_Support_Deprecated_In_MFC': MBCS support in MFC is deprecated and may be removed in a future version of MFC.
                 D:\Microsoft Visual Studio 12.0\VC\atlmfc\include\afx.h(33) : 参见“MBCS_Support_Deprecated_In_MFC”的声明
         _WIN32_WINNT not defined. Defaulting to _WIN32_WINNT_MAXVER (see WinSDKVer.h)
     1>e:\icme2019\realplay\realplay\CnComm.h(557): warning C4267: “参数”: 从“size_t”转换到“DWORD”，可能丢失数据
     1>e:\icme2019\realplay\realplay\CnComm.h(564): warning C4267: “参数”: 从“size_t”转换到“DWORD”，可能丢失数据
     1>e:\icme2019\realplay\realplay\CnComm.h(1172): warning C4267: “参数”: 从“size_t”转换到“DWORD”，可能丢失数据
     1>e:\icme2019\realplay\realplay\CnComm.h(1177): warning C4267: “参数”: 从“size_t”转换到“DWORD”，可能丢失数据
     1>e:\icme2019\realplay\realplay\CnComm.h(1210): warning C4267: “参数”: 从“size_t”转换到“DWORD”，可能丢失数据
     1>e:\icme2019\realplay\realplay\CnComm.h(1216): warning C4267: “参数”: 从“size_t”转换到“DWORD”，可能丢失数据
     1>e:\icme2019\realplay\realplay\CnComm.h(1480): warning C4267: “=”: 从“size_t”转换到“DWORD”，可能丢失数据
     1>e:\icme2019\realplay\realplay\CnComm.h(1482): warning C4267: “=”: 从“size_t”转换到“DWORD”，可能丢失数据
     1>D:\Downloads\opencv\build\include\opencv2/core/mat.hpp(1965): warning C4819: 该文件包含不能在当前代码页(936)中表示的字符。请将该文件保存为 Unicode 格式以防止数据丢失
     1>D:\Downloads\opencv\build\include\opencv2/core/persistence.hpp : warning C4819: 该文件包含不能在当前代码页(936)中表示的字符。请将该文件保存为 Unicode 格式以防止数据丢失
     1>D:\Downloads\opencv\build\include\opencv2/core/utility.hpp : warning C4819: 该文件包含不能在当前代码页(936)中表示的字符。请将该文件保存为 Unicode 格式以防止数据丢失
         正在生成代码...
       ResourceCompile:
         C:\Program Files (x86)\Windows Kits\8.1\bin\x86\rc.exe /D _DEBUG /D _AFXDLL /l"0x0804" /Ix64\Debug\ /nologo /fo"x64\Debug\RealPlay.res" RealPlay.rc 
       Link:
         D:\Microsoft Visual Studio 12.0\VC\bin\x86_amd64\link.exe /ERRORREPORT:PROMPT /OUT:"E:\icme2019\RealPlay\x64\Debug\RealPlay.exe" /INCREMENTAL /NOLOGO /LIBPATH:D:\Downloads\opencv\build\x64\vc12\lib /LIBPATH:./lib/ HCNetSDK.lib opencv_world310d.lib /MANIFEST /MANIFESTUAC:"level='asInvoker' uiAccess='false'" /manifest:embed /manifestinput:"D:\Microsoft Visual Studio 12.0\VC\Include\Manifest\dpiaware.manifest" /DEBUG /PDB:"E:\icme2019\RealPlay\x64\Debug\RealPlay.pdb" /SUBSYSTEM:WINDOWS /STACK:"16000000" /TLBID:1 /DYNAMICBASE /NXCOMPAT /IMPLIB:"E:\icme2019\RealPlay\x64\Debug\RealPlay.lib" /MACHINE:X64 x64\Debug\RealPlay.res
         x64\Debug\5point.obj
         x64\Debug\Camera.obj
         x64\Debug\CvvImage.obj
         x64\Debug\DlgPTZCruise.obj
         x64\Debug\fhog.obj
         x64\Debug\kcftracker.obj
         x64\Debug\PoseCalculator.obj
         x64\Debug\PTZButton.obj
         x64\Debug\RealPlay.obj
         x64\Debug\RealPlayDlg.obj
         x64\Debug\Rpoly.obj
         x64\Debug\stdafx.obj
         RealPlay.vcxproj -> E:\icme2019\RealPlay\x64\Debug\RealPlay.exe
     1>已完成生成项目“E:\icme2019\RealPlay\RealPlay\RealPlay.vcxproj”(Build 个目标)的操作。

生成成功。

已用时间 00:00:13.99
